INFO:root:User: anita.patel@example.com (EMPLOYEE) | ClientID: 17 | Month: 2 | Year: 2026 | Count: 2
INFO:root:User: anita.patel@example.com (EMPLOYEE) | ClientID: 17 | Month: 2 | Year: 2026 | Count: 2
INFO:root:User: anita.patel@example.com (EMPLOYEE) | Role: EMPLOYEE | ClientID: 17 | Status: ACTIVE | Count: 2
INFO:root:User: anita.patel@example.com (EMPLOYEE) | Role: EMPLOYEE | ClientID: 17 | Status: ACTIVE | Count: 2
INFO:root:User: anita.patel@example.com (EMPLOYEE) | ClientID: 17 | Month: 2 | Year: 2026 | Count: 2
INFO:root:User: anita.patel@example.com (EMPLOYEE) | Role: EMPLOYEE | ClientID: 17 | Status: ACTIVE | Count: 2
INFO:root:User: anita.patel@example.com (EMPLOYEE) | ClientID: 17 | Month: 2 | Year: 2026 | Count: 2
INFO:root:User: anita.patel@example.com (EMPLOYEE) | Role: EMPLOYEE | ClientID: 17 | Status: ACTIVE | Count: 2
INFO:root:User: anita.patel@example.com (EMPLOYEE) | ClientID: 17 | Month: 2 | Year: 2026 | Count: 2
INFO:root:User: anita.patel@example.com (EMPLOYEE) | ClientID: 17 | Month: 2 | Year: 2026 | Count: 2
INFO:root:User: anita.patel@example.com (EMPLOYEE) | Role: EMPLOYEE | ClientID: 17 | Status: ACTIVE | Count: 2
INFO:root:User: anita.patel@example.com (EMPLOYEE) | Role: EMPLOYEE | ClientID: 17 | Status: ACTIVE | Count: 2
INFO:root:User: arjun.verma@example.com (SGM) | ClientID: 17 | Month: 2 | Year: 2026 | Count: 2
INFO:root:User: arjun.verma@example.com (SGM) | Role: SGM | ClientID: 17 | Status: ACTIVE | Count: 2
INFO:root:User: arjun.verma@example.com (SGM) | ClientID: 17 | Month: 2 | Year: 2026 | Count: 2
INFO:root:User: arjun.verma@example.com (SGM) | Role: SGM | ClientID: 17 | Status: ACTIVE | Count: 2
INFO:django.utils.autoreload:C:\Users\yash\OneDrive\Desktop\MERN\ProjectManagementBase\server\ddtme\views.py changed, reloading.
INFO:root:User: anita.patel@example.com (EMPLOYEE) | ClientID: 17 | Month: 2 | Year: 2026 | Count: 2
INFO:root:User: anita.patel@example.com (EMPLOYEE) | ClientID: 17 | Month: 2 | Year: 2026 | Count: 2
INFO:root:User: anita.patel@example.com (EMPLOYEE) | Role: EMPLOYEE | ClientID: 17 | Status: ACTIVE | Count: 2
INFO:root:User: anita.patel@example.com (EMPLOYEE) | Role: EMPLOYEE | ClientID: 17 | Status: ACTIVE | Count: 2
INFO:root:SubReq: User=anita.patel@example.com (EMPLOYEE) | Role=EMPLOYEE | CID=17 | M=2 | Y=2026 | Count=1
INFO:root:Sub Found: OLA - 2/2026 (Submitted)
INFO:root:SubReq: User=anita.patel@example.com (EMPLOYEE) | Role=EMPLOYEE | CID=17 | M=2 | Y=2026 | Count=1
INFO:root:Sub Found: OLA - 2/2026 (Submitted)
INFO:root:User: arjun.verma@example.com (SGM) | ClientID: 17 | Month: 2 | Year: 2026 | Count: 2
INFO:root:User: arjun.verma@example.com (SGM) | Role: SGM | ClientID: 17 | Status: ACTIVE | Count: 2
INFO:root:User: arjun.verma@example.com (SGM) | ClientID: 17 | Month: 2 | Year: 2026 | Count: 2
INFO:root:User: arjun.verma@example.com (SGM) | Role: SGM | ClientID: 17 | Status: ACTIVE | Count: 2
INFO:root:SubReq: User=arjun.verma@example.com (SGM) | Role=SGM | CID=17 | M=2 | Y=2026 | Count=1
INFO:root:Sub Found: OLA - 2/2026 (Submitted)
INFO:root:SubReq: User=arjun.verma@example.com (SGM) | Role=SGM | CID=17 | M=2 | Y=2026 | Count=1
INFO:root:Sub Found: OLA - 2/2026 (Submitted)
INFO:root:User: arjun.verma@example.com (SGM) | ClientID: 10 | Month: 2 | Year: 2026 | Count: 1
INFO:root:User: arjun.verma@example.com (SGM) | ClientID: 10 | Month: 2 | Year: 2026 | Count: 1
INFO:root:User: arjun.verma@example.com (SGM) | Role: SGM | ClientID: 10 | Status: ACTIVE | Count: 1
INFO:root:User: arjun.verma@example.com (SGM) | Role: SGM | ClientID: 10 | Status: ACTIVE | Count: 1
INFO:root:SubReq: User=arjun.verma@example.com (SGM) | Role=SGM | CID=10 | M=2 | Y=2026 | Count=0
INFO:root:SubReq: User=arjun.verma@example.com (SGM) | Role=SGM | CID=10 | M=2 | Y=2026 | Count=0
INFO:root:User: arjun.verma@example.com (SGM) | ClientID: 17 | Month: 2 | Year: 2026 | Count: 2
INFO:root:User: arjun.verma@example.com (SGM) | Role: SGM | ClientID: 17 | Status: ACTIVE | Count: 2
INFO:root:User: arjun.verma@example.com (SGM) | ClientID: 17 | Month: 2 | Year: 2026 | Count: 2
INFO:root:User: arjun.verma@example.com (SGM) | Role: SGM | ClientID: 17 | Status: ACTIVE | Count: 2
INFO:root:SubReq: User=arjun.verma@example.com (SGM) | Role=SGM | CID=17 | M=2 | Y=2026 | Count=1
INFO:root:Sub Found: OLA - 2/2026 (Submitted)
INFO:root:SubReq: User=arjun.verma@example.com (SGM) | Role=SGM | CID=17 | M=2 | Y=2026 | Count=1
INFO:root:Sub Found: OLA - 2/2026 (Submitted)
INFO:root:User: arjun.verma@example.com (SGM) | ClientID: 17 | Month: 2 | Year: 2026 | Count: 2
INFO:root:User: arjun.verma@example.com (SGM) | ClientID: 17 | Month: 2 | Year: 2026 | Count: 2
INFO:root:User: arjun.verma@example.com (SGM) | Role: SGM | ClientID: 17 | Status: ACTIVE | Count: 2
INFO:root:User: arjun.verma@example.com (SGM) | Role: SGM | ClientID: 17 | Status: ACTIVE | Count: 2
INFO:root:SubReq: User=arjun.verma@example.com (SGM) | Role=SGM | CID=17 | M=2 | Y=2026 | Count=1
INFO:root:Sub Found: OLA - 2/2026 (Submitted)
INFO:root:SubReq: User=arjun.verma@example.com (SGM) | Role=SGM | CID=17 | M=2 | Y=2026 | Count=1
INFO:root:Sub Found: OLA - 2/2026 (Submitted)
INFO:root:User: arjun.verma@example.com (SGM) | ClientID: 17 | Month: 2 | Year: 2026 | Count: 2
INFO:root:User: arjun.verma@example.com (SGM) | Role: SGM | ClientID: 17 | Status: ACTIVE | Count: 2
INFO:root:User: arjun.verma@example.com (SGM) | ClientID: 17 | Month: 2 | Year: 2026 | Count: 2
INFO:root:User: arjun.verma@example.com (SGM) | Role: SGM | ClientID: 17 | Status: ACTIVE | Count: 2
INFO:root:SubReq: User=arjun.verma@example.com (SGM) | Role=SGM | CID=17 | M=2 | Y=2026 | Count=1
INFO:root:Sub Found: OLA - 2/2026 (Submitted)
INFO:root:SubReq: User=arjun.verma@example.com (SGM) | Role=SGM | CID=17 | M=2 | Y=2026 | Count=1
INFO:root:Sub Found: OLA - 2/2026 (Submitted)
INFO:root:User: anita.patel@example.com (EMPLOYEE) | ClientID: 17 | Month: 2 | Year: 2026 | Count: 2
INFO:root:User: anita.patel@example.com (EMPLOYEE) | Role: EMPLOYEE | ClientID: 17 | Status: ACTIVE | Count: 2
INFO:root:User: anita.patel@example.com (EMPLOYEE) | ClientID: 17 | Month: 2 | Year: 2026 | Count: 2
INFO:root:User: anita.patel@example.com (EMPLOYEE) | Role: EMPLOYEE | ClientID: 17 | Status: ACTIVE | Count: 2
INFO:root:SubReq: User=anita.patel@example.com (EMPLOYEE) | Role=EMPLOYEE | CID=17 | M=2 | Y=2026 | Count=1
INFO:root:Sub Found: OLA - 2/2026 (Submitted)
INFO:root:SubReq: User=anita.patel@example.com (EMPLOYEE) | Role=EMPLOYEE | CID=17 | M=2 | Y=2026 | Count=1
INFO:root:Sub Found: OLA - 2/2026 (Submitted)
INFO:root:User: arjun.verma@example.com (SGM) | ClientID: 17 | Month: 2 | Year: 2026 | Count: 2
INFO:root:User: arjun.verma@example.com (SGM) | Role: SGM | ClientID: 17 | Status: ACTIVE | Count: 2
INFO:root:User: arjun.verma@example.com (SGM) | ClientID: 17 | Month: 2 | Year: 2026 | Count: 2
INFO:root:User: arjun.verma@example.com (SGM) | Role: SGM | ClientID: 17 | Status: ACTIVE | Count: 2
INFO:root:SubReq: User=arjun.verma@example.com (SGM) | Role=SGM | CID=17 | M=2 | Y=2026 | Count=1
INFO:root:Sub Found: OLA - 2/2026 (Submitted)
INFO:root:SubReq: User=arjun.verma@example.com (SGM) | Role=SGM | CID=17 | M=2 | Y=2026 | Count=1
INFO:root:Sub Found: OLA - 2/2026 (Submitted)
INFO:root:User: anita.patel@example.com (EMPLOYEE) | ClientID: 17 | Month: 2 | Year: 2026 | Count: 2
INFO:root:User: anita.patel@example.com (EMPLOYEE) | Role: EMPLOYEE | ClientID: 17 | Status: ACTIVE | Count: 2
INFO:root:User: anita.patel@example.com (EMPLOYEE) | ClientID: 17 | Month: 2 | Year: 2026 | Count: 2
INFO:root:User: anita.patel@example.com (EMPLOYEE) | Role: EMPLOYEE | ClientID: 17 | Status: ACTIVE | Count: 2
INFO:root:SubReq: User=anita.patel@example.com (EMPLOYEE) | Role=EMPLOYEE | CID=17 | M=2 | Y=2026 | Count=1
INFO:root:Sub Found: OLA - 2/2026 (Submitted)
INFO:root:SubReq: User=anita.patel@example.com (EMPLOYEE) | Role=EMPLOYEE | CID=17 | M=2 | Y=2026 | Count=1
INFO:root:Sub Found: OLA - 2/2026 (Submitted)
INFO:root:User: arjun.verma@example.com (SGM) | ClientID: 17 | Month: 2 | Year: 2026 | Count: 2
INFO:root:User: arjun.verma@example.com (SGM) | Role: SGM | ClientID: 17 | Status: ACTIVE | Count: 2
INFO:root:User: arjun.verma@example.com (SGM) | ClientID: 17 | Month: 2 | Year: 2026 | Count: 2
INFO:root:User: arjun.verma@example.com (SGM) | Role: SGM | ClientID: 17 | Status: ACTIVE | Count: 2
INFO:root:SubReq: User=arjun.verma@example.com (SGM) | Role=SGM | CID=17 | M=2 | Y=2026 | Count=1
INFO:root:Sub Found: OLA - 2/2026 (Submitted)
INFO:root:SubReq: User=arjun.verma@example.com (SGM) | Role=SGM | CID=17 | M=2 | Y=2026 | Count=1
INFO:root:Sub Found: OLA - 2/2026 (Submitted)
INFO:root:User: anita.patel@example.com (EMPLOYEE) | ClientID: 17 | Month: 2 | Year: 2026 | Count: 2
INFO:root:User: anita.patel@example.com (EMPLOYEE) | Role: EMPLOYEE | ClientID: 17 | Status: ACTIVE | Count: 2
INFO:root:User: anita.patel@example.com (EMPLOYEE) | ClientID: 17 | Month: 2 | Year: 2026 | Count: 2
INFO:root:User: anita.patel@example.com (EMPLOYEE) | Role: EMPLOYEE | ClientID: 17 | Status: ACTIVE | Count: 2
INFO:root:SubReq: User=anita.patel@example.com (EMPLOYEE) | Role=EMPLOYEE | CID=17 | M=2 | Y=2026 | Count=1
INFO:root:Sub Found: OLA - 2/2026 (Submitted)
INFO:root:SubReq: User=anita.patel@example.com (EMPLOYEE) | Role=EMPLOYEE | CID=17 | M=2 | Y=2026 | Count=1
INFO:root:Sub Found: OLA - 2/2026 (Submitted)
WARNING:django.request:Not Found: /api/accounts/me/
WARNING:django.request:Not Found: /api/accounts/me/
INFO:root:User: arjun.verma@example.com (SGM) | ClientID: 17 | Month: 2 | Year: 2026 | Count: 2
INFO:root:User: arjun.verma@example.com (SGM) | Role: SGM | ClientID: 17 | Status: ACTIVE | Count: 2
INFO:root:User: arjun.verma@example.com (SGM) | ClientID: 17 | Month: 2 | Year: 2026 | Count: 2
INFO:root:User: arjun.verma@example.com (SGM) | Role: SGM | ClientID: 17 | Status: ACTIVE | Count: 2
INFO:root:SubReq: User=arjun.verma@example.com (SGM) | Role=SGM | CID=17 | M=2 | Y=2026 | Count=1
INFO:root:Sub Found: OLA - 2/2026 (Submitted)
INFO:root:SubReq: User=arjun.verma@example.com (SGM) | Role=SGM | CID=17 | M=2 | Y=2026 | Count=1
INFO:root:Sub Found: OLA - 2/2026 (Submitted)
WARNING:django.request:Not Found: /api/accounts/me/
WARNING:django.request:Not Found: /api/accounts/me/
INFO:root:User: anita.patel@example.com (EMPLOYEE) | ClientID: 17 | Month: 2 | Year: 2026 | Count: 2
INFO:root:User: anita.patel@example.com (EMPLOYEE) | ClientID: 17 | Month: 2 | Year: 2026 | Count: 2
INFO:root:User: anita.patel@example.com (EMPLOYEE) | Role: EMPLOYEE | ClientID: 17 | Status: None | Count: 2
INFO:root:User: anita.patel@example.com (EMPLOYEE) | Role: EMPLOYEE | ClientID: 17 | Status: None | Count: 2
INFO:root:SubReq: User=anita.patel@example.com (EMPLOYEE) | Role=EMPLOYEE | CID=17 | M=2 | Y=2026 | Count=1
INFO:root:Sub Found: OLA - 2/2026 (Submitted)
INFO:root:SubReq: User=anita.patel@example.com (EMPLOYEE) | Role=EMPLOYEE | CID=17 | M=2 | Y=2026 | Count=1
INFO:root:Sub Found: OLA - 2/2026 (Submitted)
WARNING:django.request:Not Found: /api/accounts/me/
WARNING:django.request:Not Found: /api/accounts/me/
INFO:root:User: arjun.verma@example.com (SGM) | ClientID: 17 | Month: 2 | Year: 2026 | Count: 2
INFO:root:User: arjun.verma@example.com (SGM) | ClientID: 17 | Month: 2 | Year: 2026 | Count: 2
INFO:root:User: arjun.verma@example.com (SGM) | Role: SGM | ClientID: 17 | Status: None | Count: 2
INFO:root:User: arjun.verma@example.com (SGM) | Role: SGM | ClientID: 17 | Status: None | Count: 2
INFO:root:SubReq: User=arjun.verma@example.com (SGM) | Role=SGM | CID=17 | M=2 | Y=2026 | Count=1
INFO:root:Sub Found: OLA - 2/2026 (Submitted)
INFO:root:SubReq: User=arjun.verma@example.com (SGM) | Role=SGM | CID=17 | M=2 | Y=2026 | Count=1
INFO:root:Sub Found: OLA - 2/2026 (Submitted)
WARNING:django.request:Not Found: /api/accounts/me/
WARNING:django.request:Not Found: /api/accounts/me/
INFO:root:User: arjun.verma@example.com (SGM) | ClientID: 17 | Month: 2 | Year: 2026 | Count: 2
INFO:root:User: arjun.verma@example.com (SGM) | ClientID: 17 | Month: 2 | Year: 2026 | Count: 2
INFO:root:User: arjun.verma@example.com (SGM) | Role: SGM | ClientID: 17 | Status: None | Count: 2
INFO:root:User: arjun.verma@example.com (SGM) | Role: SGM | ClientID: 17 | Status: None | Count: 2
INFO:root:SubReq: User=arjun.verma@example.com (SGM) | Role=SGM | CID=17 | M=2 | Y=2026 | Count=1
INFO:root:Sub Found: OLA - 2/2026 (Submitted)
INFO:root:SubReq: User=arjun.verma@example.com (SGM) | Role=SGM | CID=17 | M=2 | Y=2026 | Count=1
INFO:root:Sub Found: OLA - 2/2026 (Submitted)
WARNING:django.request:Not Found: /api/accounts/me/
WARNING:django.request:Not Found: /api/accounts/me/
INFO:root:User: anita.patel@example.com (EMPLOYEE) | ClientID: 17 | Month: 2 | Year: 2026 | Count: 2
INFO:root:User: anita.patel@example.com (EMPLOYEE) | ClientID: 17 | Month: 2 | Year: 2026 | Count: 2
INFO:root:User: anita.patel@example.com (EMPLOYEE) | Role: EMPLOYEE | ClientID: 17 | Status: None | Count: 2
INFO:root:User: anita.patel@example.com (EMPLOYEE) | Role: EMPLOYEE | ClientID: 17 | Status: None | Count: 2
INFO:root:SubReq: User=anita.patel@example.com (EMPLOYEE) | Role=EMPLOYEE | CID=17 | M=2 | Y=2026 | Count=1
INFO:root:Sub Found: OLA - 2/2026 (Submitted)
INFO:root:SubReq: User=anita.patel@example.com (EMPLOYEE) | Role=EMPLOYEE | CID=17 | M=2 | Y=2026 | Count=1
INFO:root:Sub Found: OLA - 2/2026 (Submitted)
WARNING:django.request:Not Found: /api/accounts/me/
WARNING:django.request:Not Found: /api/accounts/me/
INFO:root:User: anita.patel@example.com (EMPLOYEE) | ClientID: 17 | Month: 2 | Year: 2026 | Count: 2
INFO:root:User: anita.patel@example.com (EMPLOYEE) | ClientID: 17 | Month: 2 | Year: 2026 | Count: 2
INFO:root:User: anita.patel@example.com (EMPLOYEE) | Role: EMPLOYEE | ClientID: 17 | Status: None | Count: 2
INFO:root:User: anita.patel@example.com (EMPLOYEE) | Role: EMPLOYEE | ClientID: 17 | Status: None | Count: 2
INFO:root:SubReq: User=anita.patel@example.com (EMPLOYEE) | Role=EMPLOYEE | CID=17 | M=2 | Y=2026 | Count=1
INFO:root:Sub Found: OLA - 2/2026 (Submitted)
INFO:root:SubReq: User=anita.patel@example.com (EMPLOYEE) | Role=EMPLOYEE | CID=17 | M=2 | Y=2026 | Count=1
INFO:root:Sub Found: OLA - 2/2026 (Submitted)
WARNING:django.request:Not Found: /api/accounts/me/
WARNING:django.request:Not Found: /api/accounts/me/
INFO:root:User: anita.patel@example.com (EMPLOYEE) | ClientID: 17 | Month: 2 | Year: 2026 | Count: 2
INFO:root:User: anita.patel@example.com (EMPLOYEE) | ClientID: 17 | Month: 2 | Year: 2026 | Count: 2
INFO:root:User: anita.patel@example.com (EMPLOYEE) | Role: EMPLOYEE | ClientID: 17 | Status: None | Count: 2
INFO:root:User: anita.patel@example.com (EMPLOYEE) | Role: EMPLOYEE | ClientID: 17 | Status: None | Count: 2
INFO:root:SubReq: User=anita.patel@example.com (EMPLOYEE) | Role=EMPLOYEE | CID=17 | M=2 | Y=2026 | Count=1
INFO:root:Sub Found: OLA - 2/2026 (Submitted)
INFO:root:SubReq: User=anita.patel@example.com (EMPLOYEE) | Role=EMPLOYEE | CID=17 | M=2 | Y=2026 | Count=1
INFO:root:Sub Found: OLA - 2/2026 (Submitted)
WARNING:django.request:Not Found: /api/accounts/me/
WARNING:django.request:Not Found: /api/accounts/me/
INFO:root:User: arjun.verma@example.com (SGM) | ClientID: 17 | Month: 2 | Year: 2026 | Count: 2
INFO:root:User: arjun.verma@example.com (SGM) | Role: SGM | ClientID: 17 | Status: None | Count: 2
INFO:root:User: arjun.verma@example.com (SGM) | ClientID: 17 | Month: 2 | Year: 2026 | Count: 2
INFO:root:User: arjun.verma@example.com (SGM) | Role: SGM | ClientID: 17 | Status: None | Count: 2
INFO:root:SubReq: User=arjun.verma@example.com (SGM) | Role=SGM | CID=17 | M=2 | Y=2026 | Count=1
INFO:root:Sub Found: OLA - 2/2026 (Submitted)
INFO:root:SubReq: User=arjun.verma@example.com (SGM) | Role=SGM | CID=17 | M=2 | Y=2026 | Count=1
INFO:root:Sub Found: OLA - 2/2026 (Submitted)
WARNING:django.request:Not Found: /api/accounts/me/
WARNING:django.request:Not Found: /api/accounts/me/
INFO:root:User: arjun.verma@example.com (SGM) | ClientID: 17 | Month: 2 | Year: 2026 | Count: 2
INFO:root:User: arjun.verma@example.com (SGM) | ClientID: 17 | Month: 2 | Year: 2026 | Count: 2
INFO:root:User: arjun.verma@example.com (SGM) | Role: SGM | ClientID: 17 | Status: None | Count: 2
INFO:root:User: arjun.verma@example.com (SGM) | Role: SGM | ClientID: 17 | Status: None | Count: 2
INFO:root:SubReq: User=arjun.verma@example.com (SGM) | Role=SGM | CID=17 | M=2 | Y=2026 | Count=1
INFO:root:Sub Found: OLA - 2/2026 (Submitted)
INFO:root:SubReq: User=arjun.verma@example.com (SGM) | Role=SGM | CID=17 | M=2 | Y=2026 | Count=1
INFO:root:Sub Found: OLA - 2/2026 (Submitted)
INFO:root:SubReq: User=arjun.verma@example.com (SGM) | Role=SGM | CID=None | M=None | Y=None | Count=1
INFO:root:Sub Found: OLA - 2/2026 (Submitted)
WARNING:django.request:Not Found: /api/accounts/me/
WARNING:django.request:Not Found: /api/accounts/me/
INFO:root:User: anita.patel@example.com (EMPLOYEE) | ClientID: 17 | Month: 2 | Year: 2026 | Count: 2
INFO:root:User: anita.patel@example.com (EMPLOYEE) | Role: EMPLOYEE | ClientID: 17 | Status: None | Count: 2
INFO:root:User: anita.patel@example.com (EMPLOYEE) | ClientID: 17 | Month: 2 | Year: 2026 | Count: 2
INFO:root:User: anita.patel@example.com (EMPLOYEE) | Role: EMPLOYEE | ClientID: 17 | Status: None | Count: 2
INFO:root:SubReq: User=anita.patel@example.com (EMPLOYEE) | Role=EMPLOYEE | CID=17 | M=2 | Y=2026 | Count=1
INFO:root:Sub Found: OLA - 2/2026 (Rejected)
INFO:root:SubReq: User=anita.patel@example.com (EMPLOYEE) | Role=EMPLOYEE | CID=17 | M=2 | Y=2026 | Count=1
INFO:root:Sub Found: OLA - 2/2026 (Rejected)
WARNING:django.request:Not Found: /api/accounts/me/
WARNING:django.request:Not Found: /api/accounts/me/
INFO:root:User: arjun.verma@example.com (SGM) | ClientID: 17 | Month: 2 | Year: 2026 | Count: 2
INFO:root:User: arjun.verma@example.com (SGM) | Role: SGM | ClientID: 17 | Status: None | Count: 2
INFO:root:User: arjun.verma@example.com (SGM) | ClientID: 17 | Month: 2 | Year: 2026 | Count: 2
INFO:root:User: arjun.verma@example.com (SGM) | Role: SGM | ClientID: 17 | Status: None | Count: 2
INFO:root:SubReq: User=arjun.verma@example.com (SGM) | Role=SGM | CID=17 | M=2 | Y=2026 | Count=1
INFO:root:Sub Found: OLA - 2/2026 (Submitted)
INFO:root:SubReq: User=arjun.verma@example.com (SGM) | Role=SGM | CID=17 | M=2 | Y=2026 | Count=1
INFO:root:Sub Found: OLA - 2/2026 (Submitted)
WARNING:django.request:Not Found: /api/accounts/me/
WARNING:django.request:Not Found: /api/accounts/me/
INFO:root:User: arjun.verma@example.com (SGM) | ClientID: 17 | Month: 2 | Year: 2026 | Count: 2
INFO:root:User: arjun.verma@example.com (SGM) | ClientID: 17 | Month: 2 | Year: 2026 | Count: 2
INFO:root:User: arjun.verma@example.com (SGM) | Role: SGM | ClientID: 17 | Status: None | Count: 2
INFO:root:User: arjun.verma@example.com (SGM) | Role: SGM | ClientID: 17 | Status: None | Count: 2
INFO:root:SubReq: User=arjun.verma@example.com (SGM) | Role=SGM | CID=17 | M=2 | Y=2026 | Count=1
INFO:root:Sub Found: OLA - 2/2026 (Submitted)
INFO:root:SubReq: User=arjun.verma@example.com (SGM) | Role=SGM | CID=17 | M=2 | Y=2026 | Count=1
INFO:root:Sub Found: OLA - 2/2026 (Submitted)
WARNING:django.request:Not Found: /api/accounts/me/
WARNING:django.request:Not Found: /api/accounts/me/
INFO:root:User: arjun.verma@example.com (SGM) | ClientID: 17 | Month: 2 | Year: 2026 | Count: 2
INFO:root:User: arjun.verma@example.com (SGM) | ClientID: 17 | Month: 2 | Year: 2026 | Count: 2
INFO:root:User: arjun.verma@example.com (SGM) | Role: SGM | ClientID: 17 | Status: None | Count: 2
INFO:root:User: arjun.verma@example.com (SGM) | Role: SGM | ClientID: 17 | Status: None | Count: 2
INFO:root:SubReq: User=arjun.verma@example.com (SGM) | Role=SGM | CID=17 | M=2 | Y=2026 | Count=1
INFO:root:Sub Found: OLA - 2/2026 (Submitted)
INFO:root:SubReq: User=arjun.verma@example.com (SGM) | Role=SGM | CID=17 | M=2 | Y=2026 | Count=1
INFO:root:Sub Found: OLA - 2/2026 (Submitted)
INFO:root:User: arjun.verma@example.com (SGM) | ClientID: 11 | Month: 2 | Year: 2026 | Count: 1
INFO:root:User: arjun.verma@example.com (SGM) | Role: SGM | ClientID: 11 | Status: None | Count: 1
INFO:root:User: arjun.verma@example.com (SGM) | ClientID: 11 | Month: 2 | Year: 2026 | Count: 1
INFO:root:User: arjun.verma@example.com (SGM) | Role: SGM | ClientID: 11 | Status: None | Count: 1
INFO:root:SubReq: User=arjun.verma@example.com (SGM) | Role=SGM | CID=11 | M=2 | Y=2026 | Count=0
INFO:root:SubReq: User=arjun.verma@example.com (SGM) | Role=SGM | CID=11 | M=2 | Y=2026 | Count=0
WARNING:django.request:Not Found: /api/accounts/me/
WARNING:django.request:Not Found: /api/accounts/me/
INFO:root:User: arjun.verma@example.com (SGM) | ClientID: 17 | Month: 2 | Year: 2026 | Count: 2
INFO:root:User: arjun.verma@example.com (SGM) | ClientID: 17 | Month: 2 | Year: 2026 | Count: 2
INFO:root:User: arjun.verma@example.com (SGM) | Role: SGM | ClientID: 17 | Status: None | Count: 2
INFO:root:User: arjun.verma@example.com (SGM) | Role: SGM | ClientID: 17 | Status: None | Count: 2
INFO:root:SubReq: User=arjun.verma@example.com (SGM) | Role=SGM | CID=17 | M=2 | Y=2026 | Count=1
INFO:root:Sub Found: OLA - 2/2026 (Submitted)
INFO:root:SubReq: User=arjun.verma@example.com (SGM) | Role=SGM | CID=17 | M=2 | Y=2026 | Count=1
INFO:root:Sub Found: OLA - 2/2026 (Submitted)
INFO:root:SubReq: User=arjun.verma@example.com (SGM) | Role=SGM | CID=None | M=None | Y=None | Count=1
INFO:root:Sub Found: OLA - 2/2026 (Submitted)
WARNING:django.request:Not Found: /api/accounts/me/
WARNING:django.request:Not Found: /api/accounts/me/
INFO:root:User: anita.patel@example.com (EMPLOYEE) | ClientID: 17 | Month: 2 | Year: 2026 | Count: 2
INFO:root:User: anita.patel@example.com (EMPLOYEE) | ClientID: 17 | Month: 2 | Year: 2026 | Count: 2
INFO:root:User: anita.patel@example.com (EMPLOYEE) | Role: EMPLOYEE | ClientID: 17 | Status: None | Count: 2
INFO:root:User: anita.patel@example.com (EMPLOYEE) | Role: EMPLOYEE | ClientID: 17 | Status: None | Count: 2
INFO:root:SubReq: User=anita.patel@example.com (EMPLOYEE) | Role=EMPLOYEE | CID=17 | M=2 | Y=2026 | Count=1
INFO:root:Sub Found: OLA - 2/2026 (Rejected)
INFO:root:SubReq: User=anita.patel@example.com (EMPLOYEE) | Role=EMPLOYEE | CID=17 | M=2 | Y=2026 | Count=1
INFO:root:Sub Found: OLA - 2/2026 (Rejected)
WARNING:django.request:Not Found: /api/accounts/me/
WARNING:django.request:Not Found: /api/accounts/me/
INFO:root:User: arjun.verma@example.com (SGM) | ClientID: 17 | Month: 2 | Year: 2026 | Count: 2
INFO:root:User: arjun.verma@example.com (SGM) | Role: SGM | ClientID: 17 | Status: None | Count: 2
INFO:root:User: arjun.verma@example.com (SGM) | ClientID: 17 | Month: 2 | Year: 2026 | Count: 2
INFO:root:User: arjun.verma@example.com (SGM) | Role: SGM | ClientID: 17 | Status: None | Count: 2
INFO:root:SubReq: User=arjun.verma@example.com (SGM) | Role=SGM | CID=17 | M=2 | Y=2026 | Count=1
INFO:root:Sub Found: OLA - 2/2026 (Submitted)
INFO:root:SubReq: User=arjun.verma@example.com (SGM) | Role=SGM | CID=17 | M=2 | Y=2026 | Count=1
INFO:root:Sub Found: OLA - 2/2026 (Submitted)
WARNING:django.request:Not Found: /api/accounts/me/
INFO:root:User: arjun.verma@example.com (SGM) | ClientID: 17 | Month: 2 | Year: 2026 | Count: 2
INFO:root:User: arjun.verma@example.com (SGM) | Role: SGM | ClientID: 17 | Status: None | Count: 2
INFO:root:SubReq: User=arjun.verma@example.com (SGM) | Role=SGM | CID=17 | M=2 | Y=2026 | Count=1
INFO:root:Sub Found: OLA - 2/2026 (Submitted)
WARNING:django.request:Not Found: /api/accounts/me/
WARNING:django.request:Not Found: /api/accounts/me/
INFO:root:User: arjun.verma@example.com (SGM) | ClientID: 17 | Month: 2 | Year: 2026 | Count: 2
INFO:root:User: arjun.verma@example.com (SGM) | ClientID: 17 | Month: 2 | Year: 2026 | Count: 2
INFO:root:User: arjun.verma@example.com (SGM) | Role: SGM | ClientID: 17 | Status: None | Count: 2
INFO:root:User: arjun.verma@example.com (SGM) | Role: SGM | ClientID: 17 | Status: None | Count: 2
INFO:root:SubReq: User=arjun.verma@example.com (SGM) | Role=SGM | CID=17 | M=2 | Y=2026 | Count=1
INFO:root:Sub Found: OLA - 2/2026 (Submitted)
INFO:root:SubReq: User=arjun.verma@example.com (SGM) | Role=SGM | CID=17 | M=2 | Y=2026 | Count=1
INFO:root:Sub Found: OLA - 2/2026 (Submitted)
WARNING:django.request:Not Found: /api/accounts/me/
WARNING:django.request:Not Found: /api/accounts/me/
INFO:root:User: arjun.verma@example.com (SGM) | ClientID: 17 | Month: 2 | Year: 2026 | Count: 2
INFO:root:User: arjun.verma@example.com (SGM) | Role: SGM | ClientID: 17 | Status: None | Count: 2
INFO:root:User: arjun.verma@example.com (SGM) | ClientID: 17 | Month: 2 | Year: 2026 | Count: 2
INFO:root:User: arjun.verma@example.com (SGM) | Role: SGM | ClientID: 17 | Status: None | Count: 2
INFO:root:SubReq: User=arjun.verma@example.com (SGM) | Role=SGM | CID=17 | M=2 | Y=2026 | Count=1
INFO:root:Sub Found: OLA - 2/2026 (Submitted)
INFO:root:SubReq: User=arjun.verma@example.com (SGM) | Role=SGM | CID=17 | M=2 | Y=2026 | Count=1
INFO:root:Sub Found: OLA - 2/2026 (Submitted)
INFO:root:SubReq: User=arjun.verma@example.com (SGM) | Role=SGM | CID=None | M=None | Y=None | Count=1
INFO:root:Sub Found: OLA - 2/2026 (Submitted)
INFO:root:SubReq: User=arjun.verma@example.com (SGM) | Role=SGM | CID=None | M=None | Y=None | Count=1
INFO:root:Sub Found: OLA - 2/2026 (Submitted)
INFO:root:SubReq: User=arjun.verma@example.com (SGM) | Role=SGM | CID=None | M=None | Y=None | Count=1
INFO:root:Sub Found: OLA - 2/2026 (Submitted)
WARNING:django.request:Not Found: /api/accounts/me/
WARNING:django.request:Not Found: /api/accounts/me/
INFO:root:User: anita.patel@example.com (EMPLOYEE) | ClientID: 17 | Month: 2 | Year: 2026 | Count: 2
INFO:root:User: anita.patel@example.com (EMPLOYEE) | Role: EMPLOYEE | ClientID: 17 | Status: None | Count: 2
INFO:root:User: anita.patel@example.com (EMPLOYEE) | ClientID: 17 | Month: 2 | Year: 2026 | Count: 2
INFO:root:User: anita.patel@example.com (EMPLOYEE) | Role: EMPLOYEE | ClientID: 17 | Status: None | Count: 2
INFO:root:SubReq: User=anita.patel@example.com (EMPLOYEE) | Role=EMPLOYEE | CID=17 | M=2 | Y=2026 | Count=1
INFO:root:Sub Found: OLA - 2/2026 (Rejected)
INFO:root:SubReq: User=anita.patel@example.com (EMPLOYEE) | Role=EMPLOYEE | CID=17 | M=2 | Y=2026 | Count=1
INFO:root:Sub Found: OLA - 2/2026 (Rejected)
INFO:root:SubReq: User=anita.patel@example.com (EMPLOYEE) | Role=EMPLOYEE | CID=None | M=None | Y=None | Count=1
INFO:root:Sub Found: OLA - 2/2026 (Rejected)
WARNING:django.request:Not Found: /api/accounts/me/
WARNING:django.request:Not Found: /api/accounts/me/
INFO:root:User: arjun.verma@example.com (SGM) | ClientID: 17 | Month: 2 | Year: 2026 | Count: 2
INFO:root:User: arjun.verma@example.com (SGM) | Role: SGM | ClientID: 17 | Status: None | Count: 2
INFO:root:User: arjun.verma@example.com (SGM) | ClientID: 17 | Month: 2 | Year: 2026 | Count: 2
INFO:root:User: arjun.verma@example.com (SGM) | Role: SGM | ClientID: 17 | Status: None | Count: 2
INFO:root:SubReq: User=arjun.verma@example.com (SGM) | Role=SGM | CID=17 | M=2 | Y=2026 | Count=1
INFO:root:Sub Found: OLA - 2/2026 (Submitted)
INFO:root:SubReq: User=arjun.verma@example.com (SGM) | Role=SGM | CID=17 | M=2 | Y=2026 | Count=1
INFO:root:Sub Found: OLA - 2/2026 (Submitted)
INFO:root:SubReq: User=arjun.verma@example.com (SGM) | Role=SGM | CID=None | M=None | Y=None | Count=1
INFO:root:Sub Found: OLA - 2/2026 (Submitted)
WARNING:django.request:Not Found: /api/accounts/me/
WARNING:django.request:Not Found: /api/accounts/me/
INFO:root:User: anita.patel@example.com (EMPLOYEE) | ClientID: 17 | Month: 2 | Year: 2026 | Count: 2
INFO:root:User: anita.patel@example.com (EMPLOYEE) | Role: EMPLOYEE | ClientID: 17 | Status: None | Count: 2
INFO:root:User: anita.patel@example.com (EMPLOYEE) | ClientID: 17 | Month: 2 | Year: 2026 | Count: 2
INFO:root:User: anita.patel@example.com (EMPLOYEE) | Role: EMPLOYEE | ClientID: 17 | Status: None | Count: 2
INFO:root:SubReq: User=anita.patel@example.com (EMPLOYEE) | Role=EMPLOYEE | CID=17 | M=2 | Y=2026 | Count=1
INFO:root:Sub Found: OLA - 2/2026 (Approved)
INFO:root:SubReq: User=anita.patel@example.com (EMPLOYEE) | Role=EMPLOYEE | CID=17 | M=2 | Y=2026 | Count=1
INFO:root:Sub Found: OLA - 2/2026 (Approved)
