
--- Request: m=6, y=2026 ---
Filter: Start <= 2026-06-30 AND Target >= 2026-06-01
Total Tasks Before Filter: 0

--- Request: m=6, y=2026 ---
Filter: Start <= 2026-06-30 AND Target >= 2026-06-01
Total Tasks Before Filter: 0

--- Request: m=6, y=2026 ---
Filter: Start <= 2026-06-30 AND Target >= 2026-06-01
Total Tasks Before Filter: 3
Task 3 'New Task for creating subtask': 2026-04-14 to 2026-04-23. Overlaps? False
Task 4 'New subtask': 2026-04-14 to 2026-04-23. Overlaps? False
Task 5 'New subsubtask': 2026-04-14 to 2026-04-23. Overlaps? False

--- Request: m=6, y=2026 ---
Filter: Start <= 2026-06-30 AND Target >= 2026-06-01
Total Tasks Before Filter: 3
Task 3 'New Task for creating subtask': 2026-04-14 to 2026-04-23. Overlaps? False
Task 4 'New subtask': 2026-04-14 to 2026-04-23. Overlaps? False
Task 5 'New subsubtask': 2026-04-14 to 2026-04-23. Overlaps? False

--- Request: m=6, y=2026 ---
Filter: Start <= 2026-06-30 AND Target >= 2026-06-01
Total Tasks Before Filter: 3
Task 3 'New Task for creating subtask': 2026-04-14 to 2026-04-23. Overlaps? False
Task 4 'New subtask': 2026-04-14 to 2026-04-23. Overlaps? False
Task 5 'New subsubtask': 2026-04-14 to 2026-04-23. Overlaps? False

--- Request: m=6, y=2026 ---
Filter: Start <= 2026-06-30 AND Target >= 2026-06-01
Total Tasks Before Filter: 3
Task 3 'New Task for creating subtask': 2026-04-14 to 2026-04-23. Overlaps? False
Task 4 'New subtask': 2026-04-14 to 2026-04-23. Overlaps? False
Task 5 'New subsubtask': 2026-04-14 to 2026-04-23. Overlaps? False

--- Request: m=6, y=2026 ---
Filter: Start <= 2026-06-30 AND Target >= 2026-06-01
Total Tasks Before Filter: 3
Task 3 'New Task for creating subtask': 2026-04-14 to 2026-04-23. Overlaps? False
Task 4 'New subtask': 2026-04-14 to 2026-04-23. Overlaps? False
Task 5 'New subsubtask': 2026-04-14 to 2026-04-23. Overlaps? False

--- Request: m=6, y=2026 ---
Filter: Start <= 2026-06-30 AND Target >= 2026-06-01
Total Tasks Before Filter: 3
Task 3 'New Task for creating subtask': 2026-04-14 to 2026-04-23. Overlaps? False
Task 4 'New subtask': 2026-04-14 to 2026-04-23. Overlaps? False
Task 5 'New subsubtask': 2026-04-14 to 2026-04-23. Overlaps? False

--- Request: m=6, y=2026 ---
Filter: Start <= 2026-06-30 AND Target >= 2026-06-01
Total Tasks Before Filter: 3
Task 3 'New Task for creating subtask': 2026-04-14 to 2026-04-23. Overlaps? False
Task 4 'New subtask': 2026-04-14 to 2026-04-23. Overlaps? False
Task 5 'New subsubtask': 2026-04-14 to 2026-04-23. Overlaps? False

--- Request: m=6, y=2026 ---
Filter: Start <= 2026-06-30 AND Target >= 2026-06-01
Total Tasks Before Filter: 3
Task 3 'New Task for creating subtask': 2026-04-14 to 2026-04-23. Overlaps? False
Task 4 'New subtask': 2026-04-14 to 2026-04-23. Overlaps? False
Task 5 'New subsubtask': 2026-04-14 to 2026-04-23. Overlaps? False

--- Request: m=6, y=2026 ---
Filter: Start <= 2026-06-30 AND Target >= 2026-06-01
Total Tasks Before Filter: 3
Task 3 'New Task for creating subtask': 2026-04-14 to 2026-04-23. Overlaps? False
Task 4 'New subtask': 2026-04-14 to 2026-04-23. Overlaps? False
Task 5 'New subsubtask': 2026-04-14 to 2026-04-23. Overlaps? False

--- Request: m=6, y=2026 ---
Filter: Start <= 2026-06-30 AND Target >= 2026-06-01
Total Tasks Before Filter: 3
Task 3 'New Task for creating subtask': 2026-04-14 to 2026-04-23. Overlaps? False
Task 4 'New subtask': 2026-04-14 to 2026-04-23. Overlaps? False
Task 5 'New subsubtask': 2026-04-14 to 2026-04-23. Overlaps? False

--- Request: m=7, y=2026 ---
Filter: Start <= 2026-07-31 AND Target >= 2026-07-01
Total Tasks Before Filter: 3
Task 3 'New Task for creating subtask': 2026-04-14 to 2026-04-23. Overlaps? False
Task 4 'New subtask': 2026-04-14 to 2026-04-23. Overlaps? False
Task 5 'New subsubtask': 2026-04-14 to 2026-04-23. Overlaps? False

--- Request: m=6, y=2026 ---
Filter: Start <= 2026-06-30 AND Target >= 2026-06-01
Total Tasks Before Filter: 3
Task 3 'New Task for creating subtask': 2026-04-14 to 2026-04-23. Overlaps? False
Task 4 'New subtask': 2026-04-14 to 2026-04-23. Overlaps? False
Task 5 'New subsubtask': 2026-04-14 to 2026-04-23. Overlaps? False

--- Request: m=6, y=2026 ---
Filter: Start <= 2026-06-30 AND Target >= 2026-06-01
Total Tasks Before Filter: 3
Task 3 'New Task for creating subtask': 2026-04-14 to 2026-04-23. Overlaps? False
Task 4 'New subtask': 2026-04-14 to 2026-04-23. Overlaps? False
Task 5 'New subsubtask': 2026-04-14 to 2026-04-23. Overlaps? False

--- Request: m=6, y=2026 ---
Filter: Start <= 2026-06-30 AND Target >= 2026-06-01
Total Tasks Before Filter: 3
Task 3 'New Task for creating subtask': 2026-04-14 to 2026-04-23. Overlaps? False
Task 4 'New subtask': 2026-04-14 to 2026-04-23. Overlaps? False
Task 5 'New subsubtask': 2026-04-14 to 2026-04-23. Overlaps? False

--- Request: m=6, y=2026 ---
Filter: Start <= 2026-06-30 AND Target >= 2026-06-01
Total Tasks Before Filter: 3
Task 3 'New Task for creating subtask': 2026-04-14 to 2026-04-23. Overlaps? False
Task 4 'New subtask': 2026-04-14 to 2026-04-23. Overlaps? False
Task 5 'New subsubtask': 2026-04-14 to 2026-04-23. Overlaps? False

--- Request: m=7, y=2026 ---
Filter: Start <= 2026-07-31 AND Target >= 2026-07-01
Total Tasks Before Filter: 3
Task 3 'New Task for creating subtask': 2026-04-14 to 2026-04-23. Overlaps? False
Task 4 'New subtask': 2026-04-14 to 2026-04-23. Overlaps? False
Task 5 'New subsubtask': 2026-04-14 to 2026-04-23. Overlaps? False

--- Request: m=7, y=2026 ---
Filter: Start <= 2026-07-31 AND Target >= 2026-07-01
Total Tasks Before Filter: 3
Task 3 'New Task for creating subtask': 2026-04-14 to 2026-04-23. Overlaps? False
Task 4 'New subtask': 2026-04-14 to 2026-04-23. Overlaps? False
Task 5 'New subsubtask': 2026-04-14 to 2026-04-23. Overlaps? False

--- Request: m=6, y=2026 ---
Filter: Start <= 2026-06-30 AND Target >= 2026-06-01
Total Tasks Before Filter: 3
Task 3 'New Task for creating subtask': 2026-04-14 to 2026-04-23. Overlaps? False
Task 4 'New subtask': 2026-04-14 to 2026-04-23. Overlaps? False
Task 5 'New subsubtask': 2026-04-14 to 2026-04-23. Overlaps? False

--- Request: m=7, y=2026 ---
Filter: Start <= 2026-07-31 AND Target >= 2026-07-01
Total Tasks Before Filter: 3
Task 3 'New Task for creating subtask': 2026-04-14 to 2026-04-23. Overlaps? False
Task 4 'New subtask': 2026-04-14 to 2026-04-23. Overlaps? False
Task 5 'New subsubtask': 2026-04-14 to 2026-04-23. Overlaps? False

--- Request: m=7, y=2026 ---
Filter: Start <= 2026-07-31 AND Target >= 2026-07-01
Total Tasks Before Filter: 3
Task 3 'New Task for creating subtask': 2026-04-14 to 2026-04-23. Overlaps? False
Task 4 'New subtask': 2026-04-14 to 2026-04-23. Overlaps? False
Task 5 'New subsubtask': 2026-04-14 to 2026-04-23. Overlaps? False

--- Request: m=6, y=2026 ---
Filter: Start <= 2026-06-30 AND Target >= 2026-06-01
Total Tasks Before Filter: 3
Task 3 'New Task for creating subtask': 2026-04-14 to 2026-04-23. Overlaps? False
Task 4 'New subtask': 2026-04-14 to 2026-04-23. Overlaps? False
Task 5 'New subsubtask': 2026-04-14 to 2026-04-23. Overlaps? False

--- Request: m=7, y=2026 ---
Filter: Start <= 2026-07-31 AND Target >= 2026-07-01
Total Tasks Before Filter: 3
Task 3 'New Task for creating subtask': 2026-04-14 to 2026-04-23. Overlaps? False
Task 4 'New subtask': 2026-04-14 to 2026-04-23. Overlaps? False
Task 5 'New subsubtask': 2026-04-14 to 2026-04-23. Overlaps? False

--- Request: m=7, y=2026 ---
Filter: Start <= 2026-07-31 AND Target >= 2026-07-01
Total Tasks Before Filter: 3
Task 3 'New Task for creating subtask': 2026-04-14 to 2026-04-23. Overlaps? False
Task 4 'New subtask': 2026-04-14 to 2026-04-23. Overlaps? False
Task 5 'New subsubtask': 2026-04-14 to 2026-04-23. Overlaps? False

--- Request: m=6, y=2026 ---
Filter: Start <= 2026-06-30 AND Target >= 2026-06-01
Total Tasks Before Filter: 3
Task 3 'New Task for creating subtask': 2026-04-14 to 2026-04-23. Overlaps? False
Task 4 'New subtask': 2026-04-14 to 2026-04-23. Overlaps? False
Task 5 'New subsubtask': 2026-04-14 to 2026-04-23. Overlaps? False

--- Request: m=7, y=2026 ---
Filter: Start <= 2026-07-31 AND Target >= 2026-07-01
Total Tasks Before Filter: 3
Task 3 'New Task for creating subtask': 2026-04-14 to 2026-04-23. Overlaps? False
Task 4 'New subtask': 2026-04-14 to 2026-04-23. Overlaps? False
Task 5 'New subsubtask': 2026-04-14 to 2026-04-23. Overlaps? False

--- Request: m=8, y=2026 ---
Filter: Start <= 2026-08-31 AND Target >= 2026-08-01
Total Tasks Before Filter: 3
Task 3 'New Task for creating subtask': 2026-04-14 to 2026-04-23. Overlaps? False
Task 4 'New subtask': 2026-04-14 to 2026-04-23. Overlaps? False
Task 5 'New subsubtask': 2026-04-14 to 2026-04-23. Overlaps? False

--- Request: m=7, y=2026 ---
Filter: Start <= 2026-07-31 AND Target >= 2026-07-01
Total Tasks Before Filter: 3
Task 3 'New Task for creating subtask': 2026-04-14 to 2026-04-23. Overlaps? False
Task 4 'New subtask': 2026-04-14 to 2026-04-23. Overlaps? False
Task 5 'New subsubtask': 2026-04-14 to 2026-04-23. Overlaps? False

--- Request: m=6, y=2026 ---
Filter: Start <= 2026-06-30 AND Target >= 2026-06-01
Total Tasks Before Filter: 3
Task 3 'New Task for creating subtask': 2026-04-14 to 2026-04-23. Overlaps? False
Task 4 'New subtask': 2026-04-14 to 2026-04-23. Overlaps? False
Task 5 'New subsubtask': 2026-04-14 to 2026-04-23. Overlaps? False

--- Request: m=5, y=2026 ---
Filter: Start <= 2026-05-31 AND Target >= 2026-05-01
Total Tasks Before Filter: 3
Task 3 'New Task for creating subtask': 2026-04-14 to 2026-04-23. Overlaps? False
Task 4 'New subtask': 2026-04-14 to 2026-04-23. Overlaps? False
Task 5 'New subsubtask': 2026-04-14 to 2026-04-23. Overlaps? False

--- Request: m=7, y=2026 ---
Filter: Start <= 2026-07-31 AND Target >= 2026-07-01
Total Tasks Before Filter: 0

--- Request: m=7, y=2026 ---
Filter: Start <= 2026-07-31 AND Target >= 2026-07-01
Total Tasks Before Filter: 0

--- Request: m=7, y=2026 ---
Filter: Start <= 2026-07-31 AND Target >= 2026-07-01
Total Tasks Before Filter: 0

--- Request: m=7, y=2026 ---
Filter: Start <= 2026-07-31 AND Target >= 2026-07-01
Total Tasks Before Filter: 0

--- Request: m=7, y=2026 ---
Filter: Start <= 2026-07-31 AND Target >= 2026-07-01
Total Tasks Before Filter: 0

--- Request: m=7, y=2026 ---
Filter: Start <= 2026-07-31 AND Target >= 2026-07-01
Total Tasks Before Filter: 0

--- Request: m=7, y=2026 ---
Filter: Start <= 2026-07-31 AND Target >= 2026-07-01
Total Tasks Before Filter: 0

--- Request: m=7, y=2026 ---
Filter: Start <= 2026-07-31 AND Target >= 2026-07-01
Total Tasks Before Filter: 0

--- Request: m=7, y=2026 ---
Filter: Start <= 2026-07-31 AND Target >= 2026-07-01
Total Tasks Before Filter: 0

--- Request: m=7, y=2026 ---
Filter: Start <= 2026-07-31 AND Target >= 2026-07-01
Total Tasks Before Filter: 0

--- Request: m=7, y=2026 ---
Filter: Start <= 2026-07-31 AND Target >= 2026-07-01
Total Tasks Before Filter: 0

--- Request: m=7, y=2026 ---
Filter: Start <= 2026-07-31 AND Target >= 2026-07-01
Total Tasks Before Filter: 0

--- Request: m=7, y=2026 ---
Filter: Start <= 2026-07-31 AND Target >= 2026-07-01
Total Tasks Before Filter: 0

--- Request: m=7, y=2026 ---
Filter: Start <= 2026-07-31 AND Target >= 2026-07-01
Total Tasks Before Filter: 0

--- Request: m=7, y=2026 ---
Filter: Start <= 2026-07-31 AND Target >= 2026-07-01
Total Tasks Before Filter: 0

--- Request: m=7, y=2026 ---
Filter: Start <= 2026-07-31 AND Target >= 2026-07-01
Total Tasks Before Filter: 0

--- Request: m=7, y=2026 ---
Filter: Start <= 2026-07-31 AND Target >= 2026-07-01
Total Tasks Before Filter: 0

--- Request: m=7, y=2026 ---
Filter: Start <= 2026-07-31 AND Target >= 2026-07-01
Total Tasks Before Filter: 0

--- Request: m=7, y=2026 ---
Filter: Start <= 2026-07-31 AND Target >= 2026-07-01
Total Tasks Before Filter: 0

--- Request: m=7, y=2026 ---
Filter: Start <= 2026-07-31 AND Target >= 2026-07-01
Total Tasks Before Filter: 0

--- Request: m=7, y=2026 ---
Filter: Start <= 2026-07-31 AND Target >= 2026-07-01
Total Tasks Before Filter: 0

--- Request: m=7, y=2026 ---
Filter: Start <= 2026-07-31 AND Target >= 2026-07-01
Total Tasks Before Filter: 0

--- Request: m=7, y=2026 ---
Filter: Start <= 2026-07-31 AND Target >= 2026-07-01
Total Tasks Before Filter: 0

--- Request: m=7, y=2026 ---
Filter: Start <= 2026-07-31 AND Target >= 2026-07-01
Total Tasks Before Filter: 0

--- Request: m=7, y=2026 ---
Filter: Start <= 2026-07-31 AND Target >= 2026-07-01
Total Tasks Before Filter: 0

--- Request: m=7, y=2026 ---
Filter: Start <= 2026-07-31 AND Target >= 2026-07-01
Total Tasks Before Filter: 0

--- Request: m=7, y=2026 ---
Filter: Start <= 2026-07-31 AND Target >= 2026-07-01
Total Tasks Before Filter: 0

--- Request: m=7, y=2026 ---
Filter: Start <= 2026-07-31 AND Target >= 2026-07-01
Total Tasks Before Filter: 0

--- Request: m=6, y=2026 ---
Filter: Start <= 2026-06-30 AND Target >= 2026-06-01
Total Tasks Before Filter: 0

--- Request: m=7, y=2026 ---
Filter: Start <= 2026-07-31 AND Target >= 2026-07-01
Total Tasks Before Filter: 0

--- Request: m=7, y=2026 ---
Filter: Start <= 2026-07-31 AND Target >= 2026-07-01
Total Tasks Before Filter: 0

--- Request: m=7, y=2026 ---
Filter: Start <= 2026-07-31 AND Target >= 2026-07-01
Total Tasks Before Filter: 0

--- Request: m=7, y=2026 ---
Filter: Start <= 2026-07-31 AND Target >= 2026-07-01
Total Tasks Before Filter: 0

--- Request: m=7, y=2026 ---
Filter: Start <= 2026-07-31 AND Target >= 2026-07-01
Total Tasks Before Filter: 0

--- Request: m=7, y=2026 ---
Filter: Start <= 2026-07-31 AND Target >= 2026-07-01
Total Tasks Before Filter: 0

--- Request: m=7, y=2026 ---
Filter: Start <= 2026-07-31 AND Target >= 2026-07-01
Total Tasks Before Filter: 0

--- Request: m=7, y=2026 ---
Filter: Start <= 2026-07-31 AND Target >= 2026-07-01
Total Tasks Before Filter: 0

--- Request: m=7, y=2026 ---
Filter: Start <= 2026-07-31 AND Target >= 2026-07-01
Total Tasks Before Filter: 0

--- Request: m=7, y=2026 ---
Filter: Start <= 2026-07-31 AND Target >= 2026-07-01
Total Tasks Before Filter: 0

--- Request: m=7, y=2026 ---
Filter: Start <= 2026-07-31 AND Target >= 2026-07-01
Total Tasks Before Filter: 0

--- Request: m=7, y=2026 ---
Filter: Start <= 2026-07-31 AND Target >= 2026-07-01
Total Tasks Before Filter: 0

--- Request: m=7, y=2026 ---
Filter: Start <= 2026-07-31 AND Target >= 2026-07-01
Total Tasks Before Filter: 0

--- Request: m=7, y=2026 ---
Filter: Start <= 2026-07-31 AND Target >= 2026-07-01
Total Tasks Before Filter: 0

--- Request: m=7, y=2026 ---
Filter: Start <= 2026-07-31 AND Target >= 2026-07-01
Total Tasks Before Filter: 0

--- Request: m=7, y=2026 ---
Filter: Start <= 2026-07-31 AND Target >= 2026-07-01
Total Tasks Before Filter: 0

--- Request: m=7, y=2026 ---
Filter: Start <= 2026-07-31 AND Target >= 2026-07-01
Total Tasks Before Filter: 0

--- Request: m=7, y=2026 ---
Filter: Start <= 2026-07-31 AND Target >= 2026-07-01
Total Tasks Before Filter: 0

--- Request: m=7, y=2026 ---
Filter: Start <= 2026-07-31 AND Target >= 2026-07-01
Total Tasks Before Filter: 0

--- Request: m=7, y=2026 ---
Filter: Start <= 2026-07-31 AND Target >= 2026-07-01
Total Tasks Before Filter: 0

--- Request: m=7, y=2026 ---
Filter: Start <= 2026-07-31 AND Target >= 2026-07-01
Total Tasks Before Filter: 0

--- Request: m=7, y=2026 ---
Filter: Start <= 2026-07-31 AND Target >= 2026-07-01
Total Tasks Before Filter: 0

--- Request: m=7, y=2026 ---
Filter: Start <= 2026-07-31 AND Target >= 2026-07-01
Total Tasks Before Filter: 0

--- Request: m=7, y=2026 ---
Filter: Start <= 2026-07-31 AND Target >= 2026-07-01
Total Tasks Before Filter: 0

--- Request: m=7, y=2026 ---
Filter: Start <= 2026-07-31 AND Target >= 2026-07-01
Total Tasks Before Filter: 0

--- Request: m=7, y=2026 ---
Filter: Start <= 2026-07-31 AND Target >= 2026-07-01
Total Tasks Before Filter: 0

--- Request: m=7, y=2026 ---
Filter: Start <= 2026-07-31 AND Target >= 2026-07-01
Total Tasks Before Filter: 0

--- Request: m=7, y=2026 ---
Filter: Start <= 2026-07-31 AND Target >= 2026-07-01
Total Tasks Before Filter: 0

--- Request: m=7, y=2026 ---
Filter: Start <= 2026-07-31 AND Target >= 2026-07-01
Total Tasks Before Filter: 0

--- Request: m=7, y=2026 ---
Filter: Start <= 2026-07-31 AND Target >= 2026-07-01
Total Tasks Before Filter: 0

--- Request: m=7, y=2026 ---
Filter: Start <= 2026-07-31 AND Target >= 2026-07-01
Total Tasks Before Filter: 0

--- Request: m=7, y=2026 ---
Filter: Start <= 2026-07-31 AND Target >= 2026-07-01
Total Tasks Before Filter: 0

--- Request: m=7, y=2026 ---
Filter: Start <= 2026-07-31 AND Target >= 2026-07-01
Total Tasks Before Filter: 0

--- Request: m=7, y=2026 ---
Filter: Start <= 2026-07-31 AND Target >= 2026-07-01
Total Tasks Before Filter: 0

--- Request: m=7, y=2026 ---
Filter: Start <= 2026-07-31 AND Target >= 2026-07-01
Total Tasks Before Filter: 0

--- Request: m=7, y=2026 ---
Filter: Start <= 2026-07-31 AND Target >= 2026-07-01
Total Tasks Before Filter: 0

--- Request: m=7, y=2026 ---
Filter: Start <= 2026-07-31 AND Target >= 2026-07-01
Total Tasks Before Filter: 0

--- Request: m=7, y=2026 ---
Filter: Start <= 2026-07-31 AND Target >= 2026-07-01
Total Tasks Before Filter: 0

--- Request: m=7, y=2026 ---
Filter: Start <= 2026-07-31 AND Target >= 2026-07-01
Total Tasks Before Filter: 0

--- Request: m=7, y=2026 ---
Filter: Start <= 2026-07-31 AND Target >= 2026-07-01
Total Tasks Before Filter: 0

--- Request: m=7, y=2026 ---
Filter: Start <= 2026-07-31 AND Target >= 2026-07-01
Total Tasks Before Filter: 0

--- Request: m=7, y=2026 ---
Filter: Start <= 2026-07-31 AND Target >= 2026-07-01
Total Tasks Before Filter: 0

--- Request: m=7, y=2026 ---
Filter: Start <= 2026-07-31 AND Target >= 2026-07-01
Total Tasks Before Filter: 0

--- Request: m=7, y=2026 ---
Filter: Start <= 2026-07-31 AND Target >= 2026-07-01
Total Tasks Before Filter: 0

--- Request: m=7, y=2026 ---
Filter: Start <= 2026-07-31 AND Target >= 2026-07-01
Total Tasks Before Filter: 0

--- Request: m=7, y=2026 ---
Filter: Start <= 2026-07-31 AND Target >= 2026-07-01
Total Tasks Before Filter: 0

--- Request: m=7, y=2026 ---
Filter: Start <= 2026-07-31 AND Target >= 2026-07-01
Total Tasks Before Filter: 0

--- Request: m=7, y=2026 ---
Filter: Start <= 2026-07-31 AND Target >= 2026-07-01
Total Tasks Before Filter: 0

--- Request: m=7, y=2026 ---
Filter: Start <= 2026-07-31 AND Target >= 2026-07-01
Total Tasks Before Filter: 0

--- Request: m=7, y=2026 ---
Filter: Start <= 2026-07-31 AND Target >= 2026-07-01
Total Tasks Before Filter: 0

--- Request: m=7, y=2026 ---
Filter: Start <= 2026-07-31 AND Target >= 2026-07-01
Total Tasks Before Filter: 0

--- Request: m=7, y=2026 ---
Filter: Start <= 2026-07-31 AND Target >= 2026-07-01
Total Tasks Before Filter: 0

--- Request: m=7, y=2026 ---
Filter: Start <= 2026-07-31 AND Target >= 2026-07-01
Total Tasks Before Filter: 0

--- Request: m=7, y=2026 ---
Filter: Start <= 2026-07-31 AND Target >= 2026-07-01
Total Tasks Before Filter: 0

--- Request: m=7, y=2026 ---
Filter: Start <= 2026-07-31 AND Target >= 2026-07-01
Total Tasks Before Filter: 0

--- Request: m=7, y=2026 ---
Filter: Start <= 2026-07-31 AND Target >= 2026-07-01
Total Tasks Before Filter: 0

--- Request: m=7, y=2026 ---
Filter: Start <= 2026-07-31 AND Target >= 2026-07-01
Total Tasks Before Filter: 0

--- Request: m=7, y=2026 ---
Filter: Start <= 2026-07-31 AND Target >= 2026-07-01
Total Tasks Before Filter: 0

--- Request: m=7, y=2026 ---
Filter: Start <= 2026-07-31 AND Target >= 2026-07-01
Total Tasks Before Filter: 0

--- Request: m=7, y=2026 ---
Filter: Start <= 2026-07-31 AND Target >= 2026-07-01
Total Tasks Before Filter: 0

--- Request: m=7, y=2026 ---
Filter: Start <= 2026-07-31 AND Target >= 2026-07-01
Total Tasks Before Filter: 0

--- Request: m=7, y=2026 ---
Filter: Start <= 2026-07-31 AND Target >= 2026-07-01
Total Tasks Before Filter: 0

--- Request: m=7, y=2026 ---
Filter: Start <= 2026-07-31 AND Target >= 2026-07-01
Total Tasks Before Filter: 0

--- Request: m=7, y=2026 ---
Filter: Start <= 2026-07-31 AND Target >= 2026-07-01
Total Tasks Before Filter: 0

--- Request: m=7, y=2026 ---
Filter: Start <= 2026-07-31 AND Target >= 2026-07-01
Total Tasks Before Filter: 0

--- Request: m=7, y=2026 ---
Filter: Start <= 2026-07-31 AND Target >= 2026-07-01
Total Tasks Before Filter: 0

--- Request: m=7, y=2026 ---
Filter: Start <= 2026-07-31 AND Target >= 2026-07-01
Total Tasks Before Filter: 0

--- Request: m=7, y=2026 ---
Filter: Start <= 2026-07-31 AND Target >= 2026-07-01
Total Tasks Before Filter: 0

--- Request: m=7, y=2026 ---
Filter: Start <= 2026-07-31 AND Target >= 2026-07-01
Total Tasks Before Filter: 0

--- Request: m=7, y=2026 ---
Filter: Start <= 2026-07-31 AND Target >= 2026-07-01
Total Tasks Before Filter: 0

--- Request: m=7, y=2026 ---
Filter: Start <= 2026-07-31 AND Target >= 2026-07-01
Total Tasks Before Filter: 0

--- Request: m=7, y=2026 ---
Filter: Start <= 2026-07-31 AND Target >= 2026-07-01
Total Tasks Before Filter: 0

--- Request: m=7, y=2026 ---
Filter: Start <= 2026-07-31 AND Target >= 2026-07-01
Total Tasks Before Filter: 0

--- Request: m=7, y=2026 ---
Filter: Start <= 2026-07-31 AND Target >= 2026-07-01
Total Tasks Before Filter: 0

--- Request: m=7, y=2026 ---
Filter: Start <= 2026-07-31 AND Target >= 2026-07-01
Total Tasks Before Filter: 0

--- Request: m=7, y=2026 ---
Filter: Start <= 2026-07-31 AND Target >= 2026-07-01
Total Tasks Before Filter: 0

--- Request: m=7, y=2026 ---
Filter: Start <= 2026-07-31 AND Target >= 2026-07-01
Total Tasks Before Filter: 0

--- Request: m=7, y=2026 ---
Filter: Start <= 2026-07-31 AND Target >= 2026-07-01
Total Tasks Before Filter: 0

--- Request: m=7, y=2026 ---
Filter: Start <= 2026-07-31 AND Target >= 2026-07-01
Total Tasks Before Filter: 0

--- Request: m=7, y=2026 ---
Filter: Start <= 2026-07-31 AND Target >= 2026-07-01
Total Tasks Before Filter: 0

--- Request: m=7, y=2026 ---
Filter: Start <= 2026-07-31 AND Target >= 2026-07-01
Total Tasks Before Filter: 0

--- Request: m=7, y=2026 ---
Filter: Start <= 2026-07-31 AND Target >= 2026-07-01
Total Tasks Before Filter: 0

--- Request: m=7, y=2026 ---
Filter: Start <= 2026-07-31 AND Target >= 2026-07-01
Total Tasks Before Filter: 0

--- Request: m=7, y=2026 ---
Filter: Start <= 2026-07-31 AND Target >= 2026-07-01
Total Tasks Before Filter: 0
