INFO:root:SubReq: User=arjun.verma@example.com (SGM) | Role=SGM | CID=None | M=None | Y=None | Count=3
INFO:root:Sub Found: OLA - 2/2026 (Approved)
INFO:root:SubReq: User=arjun.verma@example.com (SGM) | Role=SGM | CID=None | M=None | Y=None | Count=3
INFO:root:Sub Found: OLA - 2/2026 (Approved)
INFO:root:SubReq: User=arjun.verma@example.com (SGM) | Role=SGM | CID=None | M=None | Y=None | Count=3
INFO:root:Sub Found: OLA - 2/2026 (Approved)
WARNING:django.request:Not Found: /api/accounts/me/
WARNING:django.request:Not Found: /api/accounts/me/
INFO:root:User: preeti.kumar@example.com (EMPLOYEE) | ClientID: 11 | Month: 2 | Year: 2026 | Count: 1
INFO:root:User: preeti.kumar@example.com (EMPLOYEE) | ClientID: 11 | Month: 2 | Year: 2026 | Count: 1
INFO:root:SubReq: User=preeti.kumar@example.com (EMPLOYEE) | Role=EMPLOYEE | CID=11 | M=2 | Y=2026 | Count=1
INFO:root:Sub Found: PhonePay - 2/2026 (Rejected)
INFO:root:SubReq: User=preeti.kumar@example.com (EMPLOYEE) | Role=EMPLOYEE | CID=11 | M=2 | Y=2026 | Count=1
INFO:root:Sub Found: PhonePay - 2/2026 (Rejected)
INFO:root:SubReq: User=preeti.kumar@example.com (EMPLOYEE) | Role=EMPLOYEE | CID=None | M=None | Y=None | Count=3
INFO:root:Sub Found: OLA - 2/2026 (Approved)
WARNING:django.request:Not Found: /api/accounts/me/
WARNING:django.request:Not Found: /api/accounts/me/
INFO:root:User: arjun.verma@example.com (SGM) | ClientID: 11 | Month: 2 | Year: 2026 | Count: 1
INFO:root:User: arjun.verma@example.com (SGM) | ClientID: 11 | Month: 2 | Year: 2026 | Count: 1
INFO:root:SubReq: User=arjun.verma@example.com (SGM) | Role=SGM | CID=11 | M=2 | Y=2026 | Count=1
INFO:root:Sub Found: PhonePay - 2/2026 (Submitted)
INFO:root:SubReq: User=arjun.verma@example.com (SGM) | Role=SGM | CID=11 | M=2 | Y=2026 | Count=1
INFO:root:Sub Found: PhonePay - 2/2026 (Submitted)
INFO:django.utils.autoreload:C:\Users\yash\OneDrive\Desktop\MERN\ProjectManagementBase\server\ddtme\views.py changed, reloading.
INFO:root:SubReq: User=arjun.verma@example.com (SGM) | Role=SGM | CID=None | M=None | Y=None | Count=3
INFO:root:Sub Found: OLA - 2/2026 (Approved)
INFO:root:SubReq: User=arjun.verma@example.com (SGM) | Role=SGM | CID=None | M=None | Y=None | Count=3
INFO:root:Sub Found: OLA - 2/2026 (Approved)
WARNING:django.request:Not Found: /api/accounts/me/
WARNING:django.request:Not Found: /api/accounts/me/
INFO:root:User: preeti.kumar@example.com (EMPLOYEE) | ClientID: 11 | Month: 2 | Year: 2026 | Count: 1
INFO:root:User: preeti.kumar@example.com (EMPLOYEE) | ClientID: 11 | Month: 2 | Year: 2026 | Count: 1
INFO:root:SubReq: User=preeti.kumar@example.com (EMPLOYEE) | Role=EMPLOYEE | CID=11 | M=2 | Y=2026 | Count=1
INFO:root:Sub Found: PhonePay - 2/2026 (Rejected)
INFO:root:SubReq: User=preeti.kumar@example.com (EMPLOYEE) | Role=EMPLOYEE | CID=11 | M=2 | Y=2026 | Count=1
INFO:root:Sub Found: PhonePay - 2/2026 (Rejected)
INFO:root:SubReq: User=preeti.kumar@example.com (EMPLOYEE) | Role=EMPLOYEE | CID=None | M=None | Y=None | Count=3
INFO:root:Sub Found: OLA - 2/2026 (Approved)
WARNING:django.request:Not Found: /api/accounts/me/
WARNING:django.request:Not Found: /api/accounts/me/
INFO:root:User: arjun.verma@example.com (SGM) | ClientID: 11 | Month: 2 | Year: 2026 | Count: 1
INFO:root:User: arjun.verma@example.com (SGM) | ClientID: 11 | Month: 2 | Year: 2026 | Count: 1
INFO:root:SubReq: User=arjun.verma@example.com (SGM) | Role=SGM | CID=11 | M=2 | Y=2026 | Count=1
INFO:root:Sub Found: PhonePay - 2/2026 (Submitted)
INFO:root:SubReq: User=arjun.verma@example.com (SGM) | Role=SGM | CID=11 | M=2 | Y=2026 | Count=1
INFO:root:Sub Found: PhonePay - 2/2026 (Submitted)
INFO:root:SubReq: User=arjun.verma@example.com (SGM) | Role=SGM | CID=None | M=None | Y=None | Count=3
INFO:root:Sub Found: OLA - 2/2026 (Approved)
INFO:root:SubReq: User=arjun.verma@example.com (SGM) | Role=SGM | CID=None | M=None | Y=None | Count=3
INFO:root:Sub Found: OLA - 2/2026 (Approved)
