INFO:root:User: arjun.verma@example.com (SGM) | Role: SGM | ClientID: None | Status: None | Count: 5
INFO:root:User: arjun.verma@example.com (SGM) | Role: SGM | ClientID: None | Status: None | Count: 5
INFO:root:User: arjun.verma@example.com (SGM) | Role: SGM | ClientID: None | Status: None | Count: 6
INFO:root:User: arjun.verma@example.com (SGM) | Role: SGM | ClientID: None | Status: None | Count: 6
INFO:root:User: arjun.verma@example.com (SGM) | Role: SGM | ClientID: None | Status: None | Count: 6
INFO:root:User: arjun.verma@example.com (SGM) | Role: SGM | ClientID: None | Status: None | Count: 6
INFO:root:User: arjun.verma@example.com (SGM) | Role: SGM | ClientID: None | Status: None | Count: 6
INFO:root:User: arjun.verma@example.com (SGM) | ClientID: None | Month: None | Year: None | Count: 0
INFO:root:User: arjun.verma@example.com (SGM) | ClientID: None | Month: None | Year: None | Count: 0
INFO:root:User: arjun.verma@example.com (SGM) | Role: SGM | ClientID: None | Status: None | Count: 6
INFO:root:User: arjun.verma@example.com (SGM) | Role: SGM | ClientID: None | Status: None | Count: 6
INFO:root:User: arjun.verma@example.com (SGM) | Role: SGM | ClientID: None | Status: None | Count: 6
INFO:root:User: arjun.verma@example.com (SGM) | Role: SGM | ClientID: None | Status: None | Count: 6
INFO:root:User: arjun.verma@example.com (SGM) | Role: SGM | ClientID: None | Status: None | Count: 6
INFO:root:User: arjun.verma@example.com (SGM) | Role: SGM | ClientID: None | Status: None | Count: 6
INFO:root:User: arjun.verma@example.com (SGM) | Role: SGM | ClientID: None | Status: None | Count: 6
INFO:root:User: arjun.verma@example.com (SGM) | ClientID: None | Month: None | Year: None | Count: 0
INFO:root:User: arjun.verma@example.com (SGM) | ClientID: None | Month: None | Year: None | Count: 0
INFO:root:User: arjun.verma@example.com (SGM) | ClientID: None | Month: None | Year: None | Count: 1
INFO:root:User: arjun.verma@example.com (SGM) | Role: SGM | ClientID: None | Status: None | Count: 6
INFO:root:User: arjun.verma@example.com (SGM) | Role: SGM | ClientID: None | Status: None | Count: 6
INFO:root:User: arjun.verma@example.com (SGM) | Role: SGM | ClientID: None | Status: None | Count: 6
INFO:root:User: arjun.verma@example.com (SGM) | Role: SGM | ClientID: None | Status: None | Count: 6
WARNING:django.request:Not Found: /api/accounts/me/
WARNING:django.request:Not Found: /api/accounts/me/
INFO:root:User: arjun.verma@example.com (SGM) | ClientID: 11 | Month: 2 | Year: 2026 | Count: 1
INFO:root:User: arjun.verma@example.com (SGM) | Role: SGM | ClientID: 11 | Status: ACTIVE | Count: 1
INFO:root:User: arjun.verma@example.com (SGM) | ClientID: 11 | Month: 2 | Year: 2026 | Count: 1
INFO:root:User: arjun.verma@example.com (SGM) | Role: SGM | ClientID: 11 | Status: ACTIVE | Count: 1
INFO:root:SubReq: User=arjun.verma@example.com (SGM) | Role=SGM | CID=11 | M=2 | Y=2026 | Count=0
INFO:root:SubReq: User=arjun.verma@example.com (SGM) | Role=SGM | CID=11 | M=2 | Y=2026 | Count=0
INFO:root:User: arjun.verma@example.com (SGM) | Role: SGM | ClientID: None | Status: None | Count: 6
INFO:root:User: arjun.verma@example.com (SGM) | Role: SGM | ClientID: None | Status: None | Count: 6
INFO:root:User: saurav@gmail.com (EXTERNAL) | Role: EXTERNAL | ClientID: None | Status: None | Count: 0
INFO:root:User: saurav@gmail.com (EXTERNAL) | Role: EXTERNAL | ClientID: None | Status: None | Count: 0
INFO:root:User: anita.patel@example.com (EMPLOYEE) | Role: EMPLOYEE | ClientID: None | Status: None | Count: 7
INFO:root:User: anita.patel@example.com (EMPLOYEE) | Role: EMPLOYEE | ClientID: None | Status: None | Count: 7
WARNING:django.request:Unauthorized: /api/login/
WARNING:django.request:Not Found: /favicon.ico
